
The following have been reloaded with a version change:
  1) openjdk/11.0.17_8 => openjdk/1.8.0_265-b01

*******************************************************
* Performing Post Setup
*******************************************************
*******************************************************
* Post Setup Complete
*******************************************************
*******************************************************
* Magpie General Job Info
*
* Job Nodelist: a[265,271]
* Job Nodecount: 2
* Job Timelimit in Minutes: 120
* Job Name: erikmagpie
* Job ID: 15768625
*
*******************************************************
Starting spark
starting org.apache.spark.deploy.master.Master, logging to /tmp/wwtung/spark/erikmagpie/15768625/spark/log/spark-wwtung-org.apache.spark.deploy.master.Master-1-a265.out
a271: Warning: No xauth data; using fake authentication data for X11 forwarding.
a271: mkdir: cannot create directory ‘/apps/spack/negishi/apps/spark/3.1.1-gcc-8.5.0-nj6ayer/logs’: Permission denied
a271: chown: cannot access '/apps/spack/negishi/apps/spark/3.1.1-gcc-8.5.0-nj6ayer/logs': No such file or directory
a271: starting org.apache.spark.deploy.worker.Worker, logging to /apps/spack/negishi/apps/spark/3.1.1-gcc-8.5.0-nj6ayer/logs/spark-wwtung-org.apache.spark.deploy.worker.Worker-1-a271.negishi.rcac.purdue.edu.out
a271: /apps/spack/negishi/apps/spark/3.1.1-gcc-8.5.0-nj6ayer/sbin/spark-daemon.sh: line 135: /apps/spack/negishi/apps/spark/3.1.1-gcc-8.5.0-nj6ayer/logs/spark-wwtung-org.apache.spark.deploy.worker.Worker-1-a271.negishi.rcac.purdue.edu.out: No such file or directory
a271: failed to launch: nice -n 0 /apps/spack/negishi/apps/spark/3.1.1-gcc-8.5.0-nj6ayer/bin/spark-class org.apache.spark.deploy.worker.Worker --webui-port 8081 spark://a265:7177
a271: tail: cannot open '/apps/spack/negishi/apps/spark/3.1.1-gcc-8.5.0-nj6ayer/logs/spark-wwtung-org.apache.spark.deploy.worker.Worker-1-a271.negishi.rcac.purdue.edu.out' for reading: No such file or directory
a271: full log in /apps/spack/negishi/apps/spark/3.1.1-gcc-8.5.0-nj6ayer/logs/spark-wwtung-org.apache.spark.deploy.worker.Worker-1-a271.negishi.rcac.purdue.edu.out
Waiting 30 seconds to allow Spark daemons to setup
*******************************************************
*
* Spark Information
*
* You can view your Spark status by launching a web browser and pointing to ...
*
* Spark Master: http://a265:8180
* Spark Worker: http://<WORKERNODE>:8181
* Spark Application Dashboard: http://a265:4140
*
* The Spark Master for running jobs is
*
* spark://a265:7177
*
* To access Spark directly, you'll want to:
*
*   ssh a265
*   export JAVA_HOME="/apps/spack/negishi/apps/openjdk/1.8.0_265-b01-gcc-12.2.0-4jcapwi"
*   export SPARK_HOME="/apps/spack/negishi/apps/spark/3.1.1-gcc-8.5.0-nj6ayer"
*   export SPARK_CONF_DIR="/tmp/wwtung/spark/erikmagpie/15768625/spark/conf"
*
* Then you can do as you please.  For example to run a job:
*
*   $SPARK_HOME/bin/spark-submit --class <class> <jar>
*
*******************************************************
*******************************************************
* Executing Pre Run Scripts
*******************************************************
*******************************************************
* Running SparkPi
*******************************************************
*******************************************************
* Run
*
* ssh a265 kill -s 10 3159243
*
* to exit job early.
*
* Warning: killing early may not kill jobs submitted to an internally
* managed scheduler within Magpie.  The job will be canceled during teardown
* of daemons.  Extraneous error messages from your job may occur until then.
*******************************************************
Running bin/run-example org.apache.spark.examples.SparkPi 1
Exception in thread "main" java.lang.IllegalStateException: Examples jars directory '/apps/spack/negishi/apps/spark/3.1.1-gcc-8.5.0-nj6ayer/examples/jars' does not exist.
	at org.apache.spark.launcher.CommandBuilderUtils.checkState(CommandBuilderUtils.java:228)
	at org.apache.spark.launcher.SparkSubmitCommandBuilder.findExamplesJars(SparkSubmitCommandBuilder.java:434)
	at org.apache.spark.launcher.SparkSubmitCommandBuilder.findExamplesAppJar(SparkSubmitCommandBuilder.java:411)
	at org.apache.spark.launcher.SparkSubmitCommandBuilder.<init>(SparkSubmitCommandBuilder.java:142)
	at org.apache.spark.launcher.Main.main(Main.java:62)
/apps/spack/negishi/apps/spark/3.1.1-gcc-8.5.0-nj6ayer/bin/spark-class: line 96: CMD: bad array subscript
*******************************************************
* End of job
*******************************************************
*******************************************************
* Executing Post Run Scripts
*******************************************************
Stopping spark
a271: Warning: No xauth data; using fake authentication data for X11 forwarding.
a271: mkdir: cannot create directory ‘/apps/spack/negishi/apps/spark/3.1.1-gcc-8.5.0-nj6ayer/logs’: Permission denied
a271: chown: cannot access '/apps/spack/negishi/apps/spark/3.1.1-gcc-8.5.0-nj6ayer/logs': No such file or directory
a271: no org.apache.spark.deploy.worker.Worker to stop
stopping org.apache.spark.deploy.master.Master
